{
  "stats": {
    "suites": 1,
    "tests": 2,
    "passes": 2,
    "pending": 0,
    "failures": 0,
    "start": "2023-11-01T20:25:43.433Z",
    "end": "2023-11-01T20:25:47.841Z",
    "duration": 4408,
    "testsRegistered": 2,
    "passPercent": 100,
    "pendingPercent": 0,
    "other": 0,
    "hasOther": false,
    "skipped": 0,
    "hasSkipped": false
  },
  "results": [
    {
      "uuid": "14155d85-5ae0-47ed-b8f0-fa730b528ac7",
      "title": "",
      "fullFile": "cypress\\e2e\\searchField.cy.ts",
      "file": "cypress\\e2e\\searchField.cy.ts",
      "beforeHooks": [],
      "afterHooks": [],
      "tests": [],
      "suites": [
        {
          "uuid": "a871026b-103e-4310-b23e-51cf90eb8ad6",
          "title": "search with the search field a specific shoe",
          "fullFile": "",
          "file": "",
          "beforeHooks": [],
          "afterHooks": [],
          "tests": [
            {
              "title": "should type name of shoe in search field",
              "fullTitle": "search with the search field a specific shoe should type name of shoe in search field",
              "timedOut": null,
              "duration": 3516,
              "state": "passed",
              "speed": "fast",
              "pass": true,
              "fail": false,
              "pending": false,
              "context": null,
              "code": "// Visit the homepage where the ItemCard component is rendered\ncy.visit(\"/shop\");\n// Get the input field and type in a shoe name (replace \"Shoe Name\" with the name you want to search for)\ncy.get(\".searchBar input\").type(\"Air Jordan 1\");\n// Intercept the route to the product details page (adjust the route pattern as needed)\ncy.intercept(\"/shop/*\").as(\"productDetails\");\n// Click on the \"View options\" button of the first item\ncy.get(\".cardButton:contains('View options')\").first().click();\ncy.wait(1000); // Adjust the wait time as needed\n// Assert that you are now on the product details page (verify the URL)\ncy.url().should(\"match\", /\\/shop\\/\\w+/); // Adjust the URL pattern as needed\n// Click the \"Add to Cart\" button\ncy.get(\"button:contains('Add to cart')\").click();\n// Confirm that the item was added to the shopping cart by clicking on the shopping cart icon\ncy.get(\".shoppingCart button\").click();",
              "err": {},
              "uuid": "82926c72-466c-4b65-b3d8-c08fe6c4fddf",
              "parentUUID": "a871026b-103e-4310-b23e-51cf90eb8ad6",
              "isHook": false,
              "skipped": false
            },
            {
              "title": "should type name of shoe in search field that doesn't exist",
              "fullTitle": "search with the search field a specific shoe should type name of shoe in search field that doesn't exist",
              "timedOut": null,
              "duration": 771,
              "state": "passed",
              "speed": "fast",
              "pass": true,
              "fail": false,
              "pending": false,
              "context": null,
              "code": "// Visit the homepage where the ItemCard component is rendered\ncy.visit(\"/shop\");\n// Get the input field and type in a shoe name (replace \"Shoe Name\" with the name you want to search for)\ncy.get(\".searchBar input\").type(\"test\");\n// Wait for the search results to appear (adjust the selector as needed)\ncy.get(\".searchResult\").should(\"not.exist\");",
              "err": {},
              "uuid": "d21e4775-f423-4c8e-b690-d7fcf4793177",
              "parentUUID": "a871026b-103e-4310-b23e-51cf90eb8ad6",
              "isHook": false,
              "skipped": false
            }
          ],
          "suites": [],
          "passes": [
            "82926c72-466c-4b65-b3d8-c08fe6c4fddf",
            "d21e4775-f423-4c8e-b690-d7fcf4793177"
          ],
          "failures": [],
          "pending": [],
          "skipped": [],
          "duration": 4287,
          "root": false,
          "rootEmpty": false,
          "_timeout": 2000
        }
      ],
      "passes": [],
      "failures": [],
      "pending": [],
      "skipped": [],
      "duration": 0,
      "root": true,
      "rootEmpty": true,
      "_timeout": 2000
    }
  ],
  "meta": {
    "mocha": {
      "version": "7.0.1"
    },
    "mochawesome": {
      "options": {
        "quiet": false,
        "reportFilename": "mochawesome",
        "saveHtml": true,
        "saveJson": true,
        "consoleReporter": "spec",
        "useInlineDiffs": false,
        "code": true
      },
      "version": "7.1.3"
    },
    "marge": {
      "options": {
        "reportDir": "cypress/reports",
        "overwrite": false,
        "html": true
      },
      "version": "6.2.0"
    }
  }
}