{
  "stats": {
    "suites": 1,
    "tests": 3,
    "passes": 3,
    "pending": 0,
    "failures": 0,
    "start": "2023-11-01T21:49:46.868Z",
    "end": "2023-11-01T21:49:48.816Z",
    "duration": 1948,
    "testsRegistered": 3,
    "passPercent": 100,
    "pendingPercent": 0,
    "other": 0,
    "hasOther": false,
    "skipped": 0,
    "hasSkipped": false
  },
  "results": [
    {
      "uuid": "1e8030c7-88ca-4ba2-8180-5f60987f3621",
      "title": "",
      "fullFile": "cypress\\e2e\\navigation.cy.ts",
      "file": "cypress\\e2e\\navigation.cy.ts",
      "beforeHooks": [],
      "afterHooks": [],
      "tests": [],
      "suites": [
        {
          "uuid": "a1de7826-fb95-490b-8da1-ea9d8740aa94",
          "title": "Navbar",
          "fullFile": "",
          "file": "",
          "beforeHooks": [],
          "afterHooks": [],
          "tests": [
            {
              "title": "should display the logo and navigation links",
              "fullTitle": "Navbar should display the logo and navigation links",
              "timedOut": null,
              "duration": 974,
              "state": "passed",
              "speed": "fast",
              "pass": true,
              "fail": false,
              "pending": false,
              "context": null,
              "code": "// Check if the logo is visible\ncy.get('.logo').should('be.visible');\n// Check if each navigation link is visible\ncy.get('.pages').each(function (link) {\n    cy.wrap(link).should('be.visible');\n});",
              "err": {},
              "uuid": "804b7c07-7a73-4235-b62b-e5dc007c711c",
              "parentUUID": "a1de7826-fb95-490b-8da1-ea9d8740aa94",
              "isHook": false,
              "skipped": false
            },
            {
              "title": "should open the navigation menu on small screens",
              "fullTitle": "Navbar should open the navigation menu on small screens",
              "timedOut": null,
              "duration": 471,
              "state": "passed",
              "speed": "fast",
              "pass": true,
              "fail": false,
              "pending": false,
              "context": null,
              "code": "// Change the viewport to simulate a small screen (e.g., iPhone 6)\ncy.viewport('iphone-6');\n// Click the navigation menu button (hamburger icon)\ncy.get('.MuiIconButton-root').click();\n// Check if the navigation menu is visible\ncy.get('.MuiMenu-paper').should('be.visible');",
              "err": {},
              "uuid": "15f9b068-1b91-4c2a-a6f8-77432fb79d22",
              "parentUUID": "a1de7826-fb95-490b-8da1-ea9d8740aa94",
              "isHook": false,
              "skipped": false
            },
            {
              "title": "should open the shopping cart drawer when clicked",
              "fullTitle": "Navbar should open the shopping cart drawer when clicked",
              "timedOut": null,
              "duration": 384,
              "state": "passed",
              "speed": "fast",
              "pass": true,
              "fail": false,
              "pending": false,
              "context": null,
              "code": "// Click on the shopping cart icon\ncy.get('.shoppingCart').click();",
              "err": {},
              "uuid": "e8f39626-80eb-4860-ae40-2719ec8ba9a6",
              "parentUUID": "a1de7826-fb95-490b-8da1-ea9d8740aa94",
              "isHook": false,
              "skipped": false
            }
          ],
          "suites": [],
          "passes": [
            "804b7c07-7a73-4235-b62b-e5dc007c711c",
            "15f9b068-1b91-4c2a-a6f8-77432fb79d22",
            "e8f39626-80eb-4860-ae40-2719ec8ba9a6"
          ],
          "failures": [],
          "pending": [],
          "skipped": [],
          "duration": 1829,
          "root": false,
          "rootEmpty": false,
          "_timeout": 2000
        }
      ],
      "passes": [],
      "failures": [],
      "pending": [],
      "skipped": [],
      "duration": 0,
      "root": true,
      "rootEmpty": true,
      "_timeout": 2000
    }
  ],
  "meta": {
    "mocha": {
      "version": "7.0.1"
    },
    "mochawesome": {
      "options": {
        "quiet": false,
        "reportFilename": "mochawesome",
        "saveHtml": true,
        "saveJson": true,
        "consoleReporter": "spec",
        "useInlineDiffs": false,
        "code": true
      },
      "version": "7.1.3"
    },
    "marge": {
      "options": {
        "reportDir": "cypress/reports",
        "overwrite": false,
        "html": true
      },
      "version": "6.2.0"
    }
  }
}