{
  "stats": {
    "suites": 1,
    "tests": 1,
    "passes": 1,
    "pending": 0,
    "failures": 0,
    "start": "2023-11-02T13:46:20.146Z",
    "end": "2023-11-02T13:46:23.960Z",
    "duration": 3814,
    "testsRegistered": 1,
    "passPercent": 100,
    "pendingPercent": 0,
    "other": 0,
    "hasOther": false,
    "skipped": 0,
    "hasSkipped": false
  },
  "results": [
    {
      "uuid": "8695a6e3-6025-4e6b-86bb-80ab5965860f",
      "title": "",
      "fullFile": "cypress\\e2e\\shoppingCart.cy.ts",
      "file": "cypress\\e2e\\shoppingCart.cy.ts",
      "beforeHooks": [],
      "afterHooks": [],
      "tests": [],
      "suites": [
        {
          "uuid": "7da142b8-fe58-45c7-ab26-5c678e1ebb7d",
          "title": "Add to Shopping Cart",
          "fullFile": "",
          "file": "",
          "beforeHooks": [],
          "afterHooks": [],
          "tests": [
            {
              "title": "should add an item to the shopping cart",
              "fullTitle": "Add to Shopping Cart should add an item to the shopping cart",
              "timedOut": null,
              "duration": 3705,
              "state": "passed",
              "speed": "fast",
              "pass": true,
              "fail": false,
              "pending": false,
              "context": null,
              "code": "// Visit the homepage where the ItemCard component is rendered\ncy.visit(\"/\");\n// Intercept the route to the product details page (adjust the route pattern as needed)\ncy.intercept(\"/shop/*\").as(\"productDetails\");\n// Click on the \"View options\" button of the first item\ncy.get(\".cardButton:contains('View options')\").first().click();\ncy.wait(1000); // Adjust the wait time as needed\n// Assert that you are now on the product details page (verify the URL)\ncy.url().should(\"match\", /\\/shop\\/\\w+/); // Adjust the URL pattern as needed\n// Click the \"Add to Cart\" button\ncy.get(\"button:contains('Add to cart')\").click();\n// Confirm that the item was added to the shopping cart by clicking on the shopping cart icon\ncy.get(\".shoppingCart button\").click();\ncy.screenshot(\"screenshots/shoopingCart-screenshot\");\ncy.screenshot(\"shoopingCart-screenshot.png\", { capture: \"viewport\" });",
              "err": {},
              "uuid": "55c724c7-493f-4b96-9f7e-795c10772209",
              "parentUUID": "7da142b8-fe58-45c7-ab26-5c678e1ebb7d",
              "isHook": false,
              "skipped": false
            }
          ],
          "suites": [],
          "passes": [
            "55c724c7-493f-4b96-9f7e-795c10772209"
          ],
          "failures": [],
          "pending": [],
          "skipped": [],
          "duration": 3705,
          "root": false,
          "rootEmpty": false,
          "_timeout": 2000
        }
      ],
      "passes": [],
      "failures": [],
      "pending": [],
      "skipped": [],
      "duration": 0,
      "root": true,
      "rootEmpty": true,
      "_timeout": 2000
    }
  ],
  "meta": {
    "mocha": {
      "version": "7.0.1"
    },
    "mochawesome": {
      "options": {
        "quiet": false,
        "reportFilename": "mochawesome",
        "saveHtml": true,
        "saveJson": true,
        "consoleReporter": "spec",
        "useInlineDiffs": false,
        "code": true
      },
      "version": "7.1.3"
    },
    "marge": {
      "options": {
        "reportDir": "cypress/reports",
        "overwrite": false,
        "html": true
      },
      "version": "6.2.0"
    }
  }
}