{
  "stats": {
    "suites": 1,
    "tests": 3,
    "passes": 3,
    "pending": 0,
    "failures": 0,
    "start": "2023-11-02T13:46:07.002Z",
    "end": "2023-11-02T13:46:11.050Z",
    "duration": 4048,
    "testsRegistered": 3,
    "passPercent": 100,
    "pendingPercent": 0,
    "other": 0,
    "hasOther": false,
    "skipped": 0,
    "hasSkipped": false
  },
  "results": [
    {
      "uuid": "0e72c06c-30e3-420b-9042-430604eb8a17",
      "title": "",
      "fullFile": "cypress\\e2e\\navigation.cy.ts",
      "file": "cypress\\e2e\\navigation.cy.ts",
      "beforeHooks": [],
      "afterHooks": [],
      "tests": [],
      "suites": [
        {
          "uuid": "bfe61f62-f13c-42ab-86a0-8c1d774bc804",
          "title": "Navbar",
          "fullFile": "",
          "file": "",
          "beforeHooks": [],
          "afterHooks": [],
          "tests": [
            {
              "title": "should display the logo and navigation links",
              "fullTitle": "Navbar should display the logo and navigation links",
              "timedOut": null,
              "duration": 962,
              "state": "passed",
              "speed": "fast",
              "pass": true,
              "fail": false,
              "pending": false,
              "context": null,
              "code": "// Check if the logo is visible\ncy.get(\".logo\").should(\"be.visible\");\n// Check if each navigation link is visible\ncy.get(\".pages\").each(function (link) {\n    cy.wrap(link).should(\"be.visible\");\n});",
              "err": {},
              "uuid": "c8f97363-7853-4488-a848-f5e9987f9812",
              "parentUUID": "bfe61f62-f13c-42ab-86a0-8c1d774bc804",
              "isHook": false,
              "skipped": false
            },
            {
              "title": "should open the navigation menu on small screens",
              "fullTitle": "Navbar should open the navigation menu on small screens",
              "timedOut": null,
              "duration": 932,
              "state": "passed",
              "speed": "fast",
              "pass": true,
              "fail": false,
              "pending": false,
              "context": null,
              "code": "// Change the viewport to simulate a small screen (e.g., iPhone 6)\ncy.viewport(\"iphone-6\");\n// Click the navigation menu button (hamburger icon)\ncy.get(\".MuiIconButton-root\").click();\n// Check if the navigation menu is visible\ncy.get(\".MuiMenu-paper\").should(\"be.visible\");",
              "err": {},
              "uuid": "b068ec25-d48d-4adf-bf01-e3ce43c80931",
              "parentUUID": "bfe61f62-f13c-42ab-86a0-8c1d774bc804",
              "isHook": false,
              "skipped": false
            },
            {
              "title": "should open the shopping cart drawer when clicked",
              "fullTitle": "Navbar should open the shopping cart drawer when clicked",
              "timedOut": null,
              "duration": 2063,
              "state": "passed",
              "speed": "fast",
              "pass": true,
              "fail": false,
              "pending": false,
              "context": null,
              "code": "// Click on the shopping cart icon\ncy.get(\".shoppingCart\").click();\ncy.screenshot(\"screenshots/navigation-screenshot\");\ncy.screenshot(\"navigation-screenshot.png\", { capture: \"viewport\" });",
              "err": {},
              "uuid": "c371d434-63f8-48d1-aab8-461aa291b610",
              "parentUUID": "bfe61f62-f13c-42ab-86a0-8c1d774bc804",
              "isHook": false,
              "skipped": false
            }
          ],
          "suites": [],
          "passes": [
            "c8f97363-7853-4488-a848-f5e9987f9812",
            "b068ec25-d48d-4adf-bf01-e3ce43c80931",
            "c371d434-63f8-48d1-aab8-461aa291b610"
          ],
          "failures": [],
          "pending": [],
          "skipped": [],
          "duration": 3957,
          "root": false,
          "rootEmpty": false,
          "_timeout": 2000
        }
      ],
      "passes": [],
      "failures": [],
      "pending": [],
      "skipped": [],
      "duration": 0,
      "root": true,
      "rootEmpty": true,
      "_timeout": 2000
    }
  ],
  "meta": {
    "mocha": {
      "version": "7.0.1"
    },
    "mochawesome": {
      "options": {
        "quiet": false,
        "reportFilename": "mochawesome",
        "saveHtml": true,
        "saveJson": true,
        "consoleReporter": "spec",
        "useInlineDiffs": false,
        "code": true
      },
      "version": "7.1.3"
    },
    "marge": {
      "options": {
        "reportDir": "cypress/reports",
        "overwrite": false,
        "html": true
      },
      "version": "6.2.0"
    }
  }
}