{
  "stats": {
    "suites": 1,
    "tests": 3,
    "passes": 3,
    "pending": 0,
    "failures": 0,
    "start": "2023-10-31T19:54:50.650Z",
    "end": "2023-10-31T19:54:53.761Z",
    "duration": 3111,
    "testsRegistered": 3,
    "passPercent": 100,
    "pendingPercent": 0,
    "other": 0,
    "hasOther": false,
    "skipped": 0,
    "hasSkipped": false
  },
  "results": [
    {
      "uuid": "72365a1e-7705-43e1-aa45-b36d4855e60d",
      "title": "",
      "fullFile": "cypress\\e2e\\navigation.cy.ts",
      "file": "cypress\\e2e\\navigation.cy.ts",
      "beforeHooks": [],
      "afterHooks": [],
      "tests": [],
      "suites": [
        {
          "uuid": "857e626c-706c-496b-8531-4517385ae49b",
          "title": "Navbar",
          "fullFile": "",
          "file": "",
          "beforeHooks": [],
          "afterHooks": [],
          "tests": [
            {
              "title": "should display the logo and navigation links",
              "fullTitle": "Navbar should display the logo and navigation links",
              "timedOut": null,
              "duration": 1491,
              "state": "passed",
              "speed": "fast",
              "pass": true,
              "fail": false,
              "pending": false,
              "context": null,
              "code": "cy.get('.logo').should('be.visible');\ncy.get('.pages').each(function (link) {\n    cy.wrap(link).should('be.visible');\n});",
              "err": {},
              "uuid": "79548866-e79c-4f27-b08f-f261bb6cad8f",
              "parentUUID": "857e626c-706c-496b-8531-4517385ae49b",
              "isHook": false,
              "skipped": false
            },
            {
              "title": "should open the navigation menu on small screens",
              "fullTitle": "Navbar should open the navigation menu on small screens",
              "timedOut": null,
              "duration": 1056,
              "state": "passed",
              "speed": "fast",
              "pass": true,
              "fail": false,
              "pending": false,
              "context": null,
              "code": "cy.viewport('iphone-6');\ncy.get('.MuiIconButton-root').click();\ncy.get('.MuiMenu-paper').should('be.visible');",
              "err": {},
              "uuid": "8c743dd2-2413-4c00-ade6-63ba4bc73886",
              "parentUUID": "857e626c-706c-496b-8531-4517385ae49b",
              "isHook": false,
              "skipped": false
            },
            {
              "title": "should open the shopping cart drawer when clicked",
              "fullTitle": "Navbar should open the shopping cart drawer when clicked",
              "timedOut": null,
              "duration": 430,
              "state": "passed",
              "speed": "fast",
              "pass": true,
              "fail": false,
              "pending": false,
              "context": null,
              "code": "cy.get('.shoppingCart').click();\ncy.get('.MuiDrawer-paper').should('be.visible');",
              "err": {},
              "uuid": "ca173d7d-4e91-4625-84dc-60cbd9fa7b8b",
              "parentUUID": "857e626c-706c-496b-8531-4517385ae49b",
              "isHook": false,
              "skipped": false
            }
          ],
          "suites": [],
          "passes": [
            "79548866-e79c-4f27-b08f-f261bb6cad8f",
            "8c743dd2-2413-4c00-ade6-63ba4bc73886",
            "ca173d7d-4e91-4625-84dc-60cbd9fa7b8b"
          ],
          "failures": [],
          "pending": [],
          "skipped": [],
          "duration": 2977,
          "root": false,
          "rootEmpty": false,
          "_timeout": 2000
        }
      ],
      "passes": [],
      "failures": [],
      "pending": [],
      "skipped": [],
      "duration": 0,
      "root": true,
      "rootEmpty": true,
      "_timeout": 2000
    }
  ],
  "meta": {
    "mocha": {
      "version": "7.0.1"
    },
    "mochawesome": {
      "options": {
        "quiet": false,
        "reportFilename": "mochawesome",
        "saveHtml": false,
        "saveJson": true,
        "consoleReporter": "spec",
        "useInlineDiffs": false,
        "code": true
      },
      "version": "7.1.3"
    },
    "marge": {
      "options": {
        "reportDir": "cypress/reports",
        "overwrite": false,
        "html": false
      },
      "version": "6.2.0"
    }
  }
}