{
  "stats": {
    "suites": 1,
    "tests": 1,
    "passes": 1,
    "pending": 0,
    "failures": 0,
    "start": "2023-10-31T19:54:55.861Z",
    "end": "2023-10-31T19:54:58.355Z",
    "duration": 2494,
    "testsRegistered": 1,
    "passPercent": 100,
    "pendingPercent": 0,
    "other": 0,
    "hasOther": false,
    "skipped": 0,
    "hasSkipped": false
  },
  "results": [
    {
      "uuid": "3b471425-b1f7-4f1d-8e6c-714c5635c6a1",
      "title": "",
      "fullFile": "cypress\\e2e\\shoppingCart.cy.ts",
      "file": "cypress\\e2e\\shoppingCart.cy.ts",
      "beforeHooks": [],
      "afterHooks": [],
      "tests": [],
      "suites": [
        {
          "uuid": "ab23a889-f7d7-4689-b634-375affa645af",
          "title": "Add to Shopping Cart",
          "fullFile": "",
          "file": "",
          "beforeHooks": [],
          "afterHooks": [],
          "tests": [
            {
              "title": "should add an item to the shopping cart",
              "fullTitle": "Add to Shopping Cart should add an item to the shopping cart",
              "timedOut": null,
              "duration": 2453,
              "state": "passed",
              "speed": "fast",
              "pass": true,
              "fail": false,
              "pending": false,
              "context": null,
              "code": "// Visit the page where the ItemCard component is rendered\ncy.visit(\"/\");\n// Intercept the route to the product details page (adjust the route pattern as needed)\ncy.intercept(\"/shop/*\").as(\"productDetails\");\ncy.get(\".cardButton:contains('View options')\").first().click();\ncy.wait(1000); // Adjust the wait time as needed\n// Assert that you are now on the product details page\ncy.url().should(\"match\", /\\/shop\\/\\w+/); // Adjust the URL pattern as needed\n// Click the \"Add to Cart\" button\ncy.get(\"button:contains('Add to cart')\").click(); // Confirm that the item was added to the shopping cart\ncy.get(\".shoppingCart button\").click();",
              "err": {},
              "uuid": "f5f89fa0-e550-4158-af06-378a12060446",
              "parentUUID": "ab23a889-f7d7-4689-b634-375affa645af",
              "isHook": false,
              "skipped": false
            }
          ],
          "suites": [],
          "passes": [
            "f5f89fa0-e550-4158-af06-378a12060446"
          ],
          "failures": [],
          "pending": [],
          "skipped": [],
          "duration": 2453,
          "root": false,
          "rootEmpty": false,
          "_timeout": 2000
        }
      ],
      "passes": [],
      "failures": [],
      "pending": [],
      "skipped": [],
      "duration": 0,
      "root": true,
      "rootEmpty": true,
      "_timeout": 2000
    }
  ],
  "meta": {
    "mocha": {
      "version": "7.0.1"
    },
    "mochawesome": {
      "options": {
        "quiet": false,
        "reportFilename": "mochawesome",
        "saveHtml": false,
        "saveJson": true,
        "consoleReporter": "spec",
        "useInlineDiffs": false,
        "code": true
      },
      "version": "7.1.3"
    },
    "marge": {
      "options": {
        "reportDir": "cypress/reports",
        "overwrite": false,
        "html": false
      },
      "version": "6.2.0"
    }
  }
}