{
  "stats": {
    "suites": 1,
    "tests": 1,
    "passes": 1,
    "pending": 0,
    "failures": 0,
    "start": "2023-11-02T13:46:43.748Z",
    "end": "2023-11-02T13:46:46.154Z",
    "duration": 2406,
    "testsRegistered": 1,
    "passPercent": 100,
    "pendingPercent": 0,
    "other": 0,
    "hasOther": false,
    "skipped": 0,
    "hasSkipped": false
  },
  "results": [
    {
      "uuid": "3469853a-2427-4edb-a5d6-1cccf529b4e4",
      "title": "",
      "fullFile": "cypress\\e2e\\viewOprions.cy.ts",
      "file": "cypress\\e2e\\viewOprions.cy.ts",
      "beforeHooks": [],
      "afterHooks": [],
      "tests": [],
      "suites": [
        {
          "uuid": "de9e4896-843c-45ae-9529-5225badcb9f2",
          "title": "View Options",
          "fullFile": "",
          "file": "",
          "beforeHooks": [],
          "afterHooks": [],
          "tests": [
            {
              "title": "should navigate to the product details page when 'View options' is clicked",
              "fullTitle": "View Options should navigate to the product details page when 'View options' is clicked",
              "timedOut": null,
              "duration": 2351,
              "state": "passed",
              "speed": "fast",
              "pass": true,
              "fail": false,
              "pending": false,
              "context": null,
              "code": "// Visit the page where the ItemCard component is rendered\ncy.visit(\"/\");\n// Intercept the route to the product details page and respond with mock data\ncy.intercept(\"/shop/*\", function (req) {\n    req.reply({\n        status: 200,\n        body: { message: \"Mocked data\" },\n    });\n}).as(\"productDetails\"); // Mocking the request and responding with a mock response here\n// Find the first 'View options' button and click it\ncy.get(\".cardButton:contains('View options')\").first().click();\n// Assert that you are now on the product details page (verify the URL)\ncy.url().should(\"match\", /\\/shop\\/\\w+/); // Adjust the URL pattern as needed\ncy.screenshot(\"screenshots/viewOptions-screenshot\");\ncy.screenshot(\"viewOptions-screenshot.png\", { capture: \"viewport\" });",
              "err": {},
              "uuid": "a2511d3e-e0f1-442e-9247-9759fd802751",
              "parentUUID": "de9e4896-843c-45ae-9529-5225badcb9f2",
              "isHook": false,
              "skipped": false
            }
          ],
          "suites": [],
          "passes": [
            "a2511d3e-e0f1-442e-9247-9759fd802751"
          ],
          "failures": [],
          "pending": [],
          "skipped": [],
          "duration": 2351,
          "root": false,
          "rootEmpty": false,
          "_timeout": 2000
        }
      ],
      "passes": [],
      "failures": [],
      "pending": [],
      "skipped": [],
      "duration": 0,
      "root": true,
      "rootEmpty": true,
      "_timeout": 2000
    }
  ],
  "meta": {
    "mocha": {
      "version": "7.0.1"
    },
    "mochawesome": {
      "options": {
        "quiet": false,
        "reportFilename": "mochawesome",
        "saveHtml": true,
        "saveJson": true,
        "consoleReporter": "spec",
        "useInlineDiffs": false,
        "code": true
      },
      "version": "7.1.3"
    },
    "marge": {
      "options": {
        "reportDir": "cypress/reports",
        "overwrite": false,
        "html": true
      },
      "version": "6.2.0"
    }
  }
}