{
  "stats": {
    "suites": 1,
    "tests": 3,
    "passes": 2,
    "pending": 0,
    "failures": 1,
    "start": "2023-11-01T20:25:34.224Z",
    "end": "2023-11-01T20:25:40.730Z",
    "duration": 6506,
    "testsRegistered": 3,
    "passPercent": 66.66666666666666,
    "pendingPercent": 0,
    "other": 0,
    "hasOther": false,
    "skipped": 0,
    "hasSkipped": false
  },
  "results": [
    {
      "uuid": "c69ad48e-6635-447a-967b-cc1ac9f43c4b",
      "title": "",
      "fullFile": "cypress\\e2e\\navigation.cy.ts",
      "file": "cypress\\e2e\\navigation.cy.ts",
      "beforeHooks": [],
      "afterHooks": [],
      "tests": [],
      "suites": [
        {
          "uuid": "63df5486-efd2-4bdf-ad79-cf71f3c13073",
          "title": "Navbar",
          "fullFile": "",
          "file": "",
          "beforeHooks": [],
          "afterHooks": [],
          "tests": [
            {
              "title": "should display the logo and navigation links",
              "fullTitle": "Navbar should display the logo and navigation links",
              "timedOut": null,
              "duration": 1704,
              "state": "passed",
              "speed": "fast",
              "pass": true,
              "fail": false,
              "pending": false,
              "context": null,
              "code": "// Check if the logo is visible\ncy.get('.logo').should('be.visible');\n// Check if each navigation link is visible\ncy.get('.pages').each(function (link) {\n    cy.wrap(link).should('be.visible');\n});",
              "err": {},
              "uuid": "2742f78b-4c41-46aa-8d52-97f4da728682",
              "parentUUID": "63df5486-efd2-4bdf-ad79-cf71f3c13073",
              "isHook": false,
              "skipped": false
            },
            {
              "title": "should open the navigation menu on small screens",
              "fullTitle": "Navbar should open the navigation menu on small screens",
              "timedOut": null,
              "duration": 568,
              "state": "passed",
              "speed": "fast",
              "pass": true,
              "fail": false,
              "pending": false,
              "context": null,
              "code": "// Change the viewport to simulate a small screen (e.g., iPhone 6)\ncy.viewport('iphone-6');\n// Click the navigation menu button (hamburger icon)\ncy.get('.MuiIconButton-root').click();\n// Check if the navigation menu is visible\ncy.get('.MuiMenu-paper').should('be.visible');",
              "err": {},
              "uuid": "f22d74fc-bad6-4e98-9fa1-f4a166d11532",
              "parentUUID": "63df5486-efd2-4bdf-ad79-cf71f3c13073",
              "isHook": false,
              "skipped": false
            },
            {
              "title": "should open the shopping cart drawer when clicked",
              "fullTitle": "Navbar should open the shopping cart drawer when clicked",
              "timedOut": null,
              "duration": 1153,
              "state": "failed",
              "speed": null,
              "pass": false,
              "fail": true,
              "pending": false,
              "context": null,
              "code": "// Click on the shopping cart icon\ncy.get('.shoppingCart').click();\n// Check if the shopping cart drawer is visible\ncy.get('.MuiDrawer-paper').should('be visible');",
              "err": {
                "message": "CypressError: The chainer `be visible` was not found. Could not build assertion.",
                "estack": "CypressError: The chainer `be visible` was not found. Could not build assertion.\n    at cypressErr (http://localhost:3000/__cypress/runner/cypress_runner.js:75224:18)\n    at Object.cypressErrByPath (http://localhost:3000/__cypress/runner/cypress_runner.js:75229:10)\n    at <unknown> (http://localhost:3000/__cypress/runner/cypress_runner.js:117832:78)\n    at arrayReduce (http://localhost:3000/__cypress/runner/cypress_runner.js:17809:21)\n    at Function.reduce (http://localhost:3000/__cypress/runner/cypress_runner.js:26861:14)\n    at applyChainers (http://localhost:3000/__cypress/runner/cypress_runner.js:117830:68)\n    at tryCatcher (http://localhost:3000/__cypress/runner/cypress_runner.js:1807:23)\n    at Promise.attempt.Promise.try (http://localhost:3000/__cypress/runner/cypress_runner.js:4315:29)\n    at Context.shouldFn (http://localhost:3000/__cypress/runner/cypress_runner.js:117856:66)\n    at Context.should (http://localhost:3000/__cypress/runner/cypress_runner.js:117873:23)\n    at <unknown> (http://localhost:3000/__cypress/runner/cypress_runner.js:143528:39)\n    at assertions (http://localhost:3000/__cypress/runner/cypress_runner.js:143777:16)\n    at tryCatcher (http://localhost:3000/__cypress/runner/cypress_runner.js:1807:23)\n    at Object.gotValue (http://localhost:3000/__cypress/runner/cypress_runner.js:6478:18)\n    at Object.gotAccum (http://localhost:3000/__cypress/runner/cypress_runner.js:6465:25)\n    at Object.tryCatcher (http://localhost:3000/__cypress/runner/cypress_runner.js:1807:23)\n    at Promise._settlePromiseFromHandler (http://localhost:3000/__cypress/runner/cypress_runner.js:1519:31)\n    at Promise._settlePromise (http://localhost:3000/__cypress/runner/cypress_runner.js:1576:18)\n    at Promise._settlePromiseCtx (http://localhost:3000/__cypress/runner/cypress_runner.js:1613:10)\n    at _drainQueueStep (http://localhost:3000/__cypress/runner/cypress_runner.js:2411:12)\n    at _drainQueue (http://localhost:3000/__cypress/runner/cypress_runner.js:2400:9)\n    at Async._drainQueues (http://localhost:3000/__cypress/runner/cypress_runner.js:2416:5)\nFrom Your Spec Code:\n    at Context.eval (webpack://sneakershop/./cypress/e2e/navigation.cy.ts:35:35)",
                "diff": null
              },
              "uuid": "017b21e8-37c7-4674-8204-9447969d3ed4",
              "parentUUID": "63df5486-efd2-4bdf-ad79-cf71f3c13073",
              "isHook": false,
              "skipped": false
            }
          ],
          "suites": [],
          "passes": [
            "2742f78b-4c41-46aa-8d52-97f4da728682",
            "f22d74fc-bad6-4e98-9fa1-f4a166d11532"
          ],
          "failures": [
            "017b21e8-37c7-4674-8204-9447969d3ed4"
          ],
          "pending": [],
          "skipped": [],
          "duration": 3425,
          "root": false,
          "rootEmpty": false,
          "_timeout": 2000
        }
      ],
      "passes": [],
      "failures": [],
      "pending": [],
      "skipped": [],
      "duration": 0,
      "root": true,
      "rootEmpty": true,
      "_timeout": 2000
    }
  ],
  "meta": {
    "mocha": {
      "version": "7.0.1"
    },
    "mochawesome": {
      "options": {
        "quiet": false,
        "reportFilename": "mochawesome",
        "saveHtml": true,
        "saveJson": true,
        "consoleReporter": "spec",
        "useInlineDiffs": false,
        "code": true
      },
      "version": "7.1.3"
    },
    "marge": {
      "options": {
        "reportDir": "cypress/reports",
        "overwrite": false,
        "html": true
      },
      "version": "6.2.0"
    }
  }
}