{
  "stats": {
    "suites": 1,
    "tests": 1,
    "passes": 1,
    "pending": 0,
    "failures": 0,
    "start": "2023-11-02T13:45:58.429Z",
    "end": "2023-11-02T13:46:04.831Z",
    "duration": 6402,
    "testsRegistered": 1,
    "passPercent": 100,
    "pendingPercent": 0,
    "other": 0,
    "hasOther": false,
    "skipped": 0,
    "hasSkipped": false
  },
  "results": [
    {
      "uuid": "bc86fb36-a6a1-478c-9011-6a37cc69e805",
      "title": "",
      "fullFile": "cypress\\e2e\\AddSeveralShoes.cy.ts",
      "file": "cypress\\e2e\\AddSeveralShoes.cy.ts",
      "beforeHooks": [],
      "afterHooks": [],
      "tests": [],
      "suites": [
        {
          "uuid": "769eab9c-e14f-4134-ac0c-6d660af21494",
          "title": "Add several shoes to Shopping Cart",
          "fullFile": "",
          "file": "",
          "beforeHooks": [],
          "afterHooks": [],
          "tests": [
            {
              "title": "should add an item to the shopping cart and then remove it",
              "fullTitle": "Add several shoes to Shopping Cart should add an item to the shopping cart and then remove it",
              "timedOut": null,
              "duration": 6348,
              "state": "passed",
              "speed": "medium",
              "pass": true,
              "fail": false,
              "pending": false,
              "context": null,
              "code": "// Visit the page where the ItemCard component is rendered\ncy.visit(\"/\");\n// Intercept the route to the product details page (adjust the route pattern as needed)\ncy.intercept(\"/shop/*\").as(\"productDetails\");\n// Click the \"View options\" button of the first item\ncy.get(\".cardButton:contains('View options')\").first().click();\ncy.wait(1000); // Adjust the wait time as needed\n// Assert that you are now on the product details page\ncy.url().should(\"match\", /\\/shop\\/\\w+/); // Adjust the URL pattern as needed\n// Click the \"Add to cart\" button\ncy.get(\"button:contains('Add to cart')\").click();\n// Click the shopping cart icon\ncy.get(\".shoppingCart button\").click();\n// Add a confirmation or wait between the button clicks\ncy.wait(1000); // Adjust the wait time as needed\n// Click the \"Delete\" button (class name can be adjusted)\ncy.get(\".deleteButton\").click();\n// Check if \"No items in cart\" is displayed in the cart\ncy.contains(\"No items in cart.\").should(\"be.visible\");\ncy.screenshot(\"screenshots/addServeralShoes-screenshot\");\ncy.screenshot(\"addServeralShoes-screenshot.png\", { capture: \"viewport\" });",
              "err": {},
              "uuid": "b72b1757-6a8b-4da5-98c4-0a4695b1ba87",
              "parentUUID": "769eab9c-e14f-4134-ac0c-6d660af21494",
              "isHook": false,
              "skipped": false
            }
          ],
          "suites": [],
          "passes": [
            "b72b1757-6a8b-4da5-98c4-0a4695b1ba87"
          ],
          "failures": [],
          "pending": [],
          "skipped": [],
          "duration": 6348,
          "root": false,
          "rootEmpty": false,
          "_timeout": 2000
        }
      ],
      "passes": [],
      "failures": [],
      "pending": [],
      "skipped": [],
      "duration": 0,
      "root": true,
      "rootEmpty": true,
      "_timeout": 2000
    }
  ],
  "meta": {
    "mocha": {
      "version": "7.0.1"
    },
    "mochawesome": {
      "options": {
        "quiet": false,
        "reportFilename": "mochawesome",
        "saveHtml": true,
        "saveJson": true,
        "consoleReporter": "spec",
        "useInlineDiffs": false,
        "code": true
      },
      "version": "7.1.3"
    },
    "marge": {
      "options": {
        "reportDir": "cypress/reports",
        "overwrite": false,
        "html": true
      },
      "version": "6.2.0"
    }
  }
}