{
  "stats": {
    "suites": 1,
    "tests": 1,
    "passes": 1,
    "pending": 0,
    "failures": 0,
    "start": "2023-10-31T19:55:04.502Z",
    "end": "2023-10-31T19:55:06.228Z",
    "duration": 1726,
    "testsRegistered": 1,
    "passPercent": 100,
    "pendingPercent": 0,
    "other": 0,
    "hasOther": false,
    "skipped": 0,
    "hasSkipped": false
  },
  "results": [
    {
      "uuid": "e5557fe6-59f3-4e6c-a01a-d765a1b029d9",
      "title": "",
      "fullFile": "cypress\\e2e\\viewOprions.cy.ts",
      "file": "cypress\\e2e\\viewOprions.cy.ts",
      "beforeHooks": [],
      "afterHooks": [],
      "tests": [],
      "suites": [
        {
          "uuid": "e4562922-c82d-4672-bc0f-331a5a1a0001",
          "title": "View Options",
          "fullFile": "",
          "file": "",
          "beforeHooks": [],
          "afterHooks": [],
          "tests": [
            {
              "title": "should navigate to the product details page when 'View options' is clicked",
              "fullTitle": "View Options should navigate to the product details page when 'View options' is clicked",
              "timedOut": null,
              "duration": 1679,
              "state": "passed",
              "speed": "fast",
              "pass": true,
              "fail": false,
              "pending": false,
              "context": null,
              "code": "// Visit the page where the ItemCard component is rendered\ncy.visit(\"/\");\ncy.intercept(\"/shop/*\", function (req) {\n    req.reply({\n        status: 200,\n        body: { message: \"Mocked data\" },\n    });\n}).as(\"productDetails\"); // Mocking the request and responding with a mock response here\n// Find the first 'View options' button and click it\ncy.get(\".cardButton:contains('View options')\").first().click();\n// Assert that you are now on the product details page\ncy.url().should(\"match\", /\\/shop\\/\\w+/); // Adjust the URL pattern as needed",
              "err": {},
              "uuid": "0e78d656-cc92-4d76-a0f2-e8630b4e66ee",
              "parentUUID": "e4562922-c82d-4672-bc0f-331a5a1a0001",
              "isHook": false,
              "skipped": false
            }
          ],
          "suites": [],
          "passes": [
            "0e78d656-cc92-4d76-a0f2-e8630b4e66ee"
          ],
          "failures": [],
          "pending": [],
          "skipped": [],
          "duration": 1679,
          "root": false,
          "rootEmpty": false,
          "_timeout": 2000
        }
      ],
      "passes": [],
      "failures": [],
      "pending": [],
      "skipped": [],
      "duration": 0,
      "root": true,
      "rootEmpty": true,
      "_timeout": 2000
    }
  ],
  "meta": {
    "mocha": {
      "version": "7.0.1"
    },
    "mochawesome": {
      "options": {
        "quiet": false,
        "reportFilename": "mochawesome",
        "saveHtml": false,
        "saveJson": true,
        "consoleReporter": "spec",
        "useInlineDiffs": false,
        "code": true
      },
      "version": "7.1.3"
    },
    "marge": {
      "options": {
        "reportDir": "cypress/reports",
        "overwrite": false,
        "html": false
      },
      "version": "6.2.0"
    }
  }
}