{
  "stats": {
    "suites": 1,
    "tests": 2,
    "passes": 2,
    "pending": 0,
    "failures": 0,
    "start": "2023-11-01T20:25:56.053Z",
    "end": "2023-11-01T20:26:07.899Z",
    "duration": 11846,
    "testsRegistered": 2,
    "passPercent": 100,
    "pendingPercent": 0,
    "other": 0,
    "hasOther": false,
    "skipped": 0,
    "hasSkipped": false
  },
  "results": [
    {
      "uuid": "e479eeac-88a1-4802-9730-df7089a573b2",
      "title": "",
      "fullFile": "cypress\\e2e\\shoppingProcess.cy.ts",
      "file": "cypress\\e2e\\shoppingProcess.cy.ts",
      "beforeHooks": [],
      "afterHooks": [],
      "tests": [],
      "suites": [
        {
          "uuid": "1e351dd9-2972-4e79-8f5c-c9a90efc0221",
          "title": "Add to Shopping Cart process",
          "fullFile": "",
          "file": "",
          "beforeHooks": [],
          "afterHooks": [],
          "tests": [
            {
              "title": "should add an item to the shopping cart",
              "fullTitle": "Add to Shopping Cart process should add an item to the shopping cart",
              "timedOut": null,
              "duration": 5452,
              "state": "passed",
              "speed": "medium",
              "pass": true,
              "fail": false,
              "pending": false,
              "context": null,
              "code": "// Visit the page where the ItemCard component is rendered\ncy.visit(\"/\");\n// Intercept the route to the product details page (adjust the route pattern as needed)\ncy.intercept(\"/shop/*\").as(\"productDetails\");\ncy.get(\".cardButton:contains('View options')\").first().click();\ncy.wait(1000); // Adjust the wait time as needed\n// Assert that you are now on the product details page\ncy.url().should(\"match\", /\\/shop\\/\\w+/); // Adjust the URL pattern as needed\n// Click the \"Add to Cart\" button\ncy.get(\"button:contains('Add to cart')\").click(); // Confirm that the item was added to the shopping cart\ncy.get(\".shoppingCart button\").click();\n// Confirm that the item was added to the shopping cart\ncy.get(\"button:contains('Checkout')\").click();\ncy.wait(1000); // Adjust the wait time as needed\ncy.get(\"button:contains('Complete Shopping')\").click();\ncy.wait(1000); // Adjust the wait time as needed\ncy.get(\".MuiDialogTitle-root:contains('Send invoice via email')\").should(\"be.visible\");\n// Find and click the \"Cancel\" button in the dialog\ncy.get(\"button:contains('Cancel')\").click();",
              "err": {},
              "uuid": "80664e53-f1ba-4a3c-8373-a87d935a3c64",
              "parentUUID": "1e351dd9-2972-4e79-8f5c-c9a90efc0221",
              "isHook": false,
              "skipped": false
            },
            {
              "title": "should add an item to the shopping cart and download",
              "fullTitle": "Add to Shopping Cart process should add an item to the shopping cart and download",
              "timedOut": null,
              "duration": 5725,
              "state": "passed",
              "speed": "medium",
              "pass": true,
              "fail": false,
              "pending": false,
              "context": null,
              "code": "// Visit the page where the ItemCard component is rendered\ncy.visit(\"/\");\n// Intercept the route to the product details page (adjust the route pattern as needed)\ncy.intercept(\"/shop/*\").as(\"productDetails\");\ncy.get(\".cardButton:contains('View options')\").first().click();\ncy.wait(1000); // Adjust the wait time as needed\n// Assert that you are now on the product details page\ncy.url().should(\"match\", /\\/shop\\/\\w+/); // Adjust the URL pattern as needed\n// Click the \"Add to Cart\" button\ncy.get(\"button:contains('Add to cart')\").click(); // Confirm that the item was added to the shopping cart\ncy.get(\".shoppingCart button\").click();\n// Confirm that the item was added to the shopping cart\ncy.get(\"button:contains('Checkout')\").click();\ncy.wait(1000); // Adjust the wait time as needed\ncy.get(\"button:contains('Complete Shopping')\").click();\ncy.wait(1000); // Adjust the wait time as needed\ncy.get(\".MuiDialogTitle-root:contains('Send invoice via email')\").should(\"be.visible\");\n// Find and click the \"Cancel\" button in the dialog\ncy.get(\"#downloadButton\").click();",
              "err": {},
              "uuid": "91326c0b-daf7-4e15-a671-df4cb49e49d0",
              "parentUUID": "1e351dd9-2972-4e79-8f5c-c9a90efc0221",
              "isHook": false,
              "skipped": false
            }
          ],
          "suites": [],
          "passes": [
            "80664e53-f1ba-4a3c-8373-a87d935a3c64",
            "91326c0b-daf7-4e15-a671-df4cb49e49d0"
          ],
          "failures": [],
          "pending": [],
          "skipped": [],
          "duration": 11177,
          "root": false,
          "rootEmpty": false,
          "_timeout": 2000
        }
      ],
      "passes": [],
      "failures": [],
      "pending": [],
      "skipped": [],
      "duration": 0,
      "root": true,
      "rootEmpty": true,
      "_timeout": 2000
    }
  ],
  "meta": {
    "mocha": {
      "version": "7.0.1"
    },
    "mochawesome": {
      "options": {
        "quiet": false,
        "reportFilename": "mochawesome",
        "saveHtml": true,
        "saveJson": true,
        "consoleReporter": "spec",
        "useInlineDiffs": false,
        "code": true
      },
      "version": "7.1.3"
    },
    "marge": {
      "options": {
        "reportDir": "cypress/reports",
        "overwrite": false,
        "html": true
      },
      "version": "6.2.0"
    }
  }
}